21:34:24 INFO  : Registering command handlers for SDK TCF services
21:34:26 INFO  : Launching XSCT server: xsct -n -interactive /home/cheiio/Documents/SDK_Workspace/temp_xsdb_launch_script.tcl
21:34:30 INFO  : XSCT server has started successfully.
21:34:31 INFO  : Successfully done setting XSCT server connection channel  
21:34:31 INFO  : Successfully done setting SDK workspace  
22:04:56 INFO  : Registering command handlers for SDK TCF services
22:04:58 INFO  : Launching XSCT server: xsct -n -interactive /home/cheiio/Documents/SDK_Workspace/temp_xsdb_launch_script.tcl
22:05:02 INFO  : XSCT server has started successfully.
22:05:02 INFO  : Successfully done setting XSCT server connection channel  
22:05:02 INFO  : Successfully done setting SDK workspace  
22:16:07 INFO  : Registering command handlers for SDK TCF services
22:16:09 INFO  : Launching XSCT server: xsct -n -interactive /home/cheiio/Documents/SDK_Workspace/sensorMod_ptlnx/temp_xsdb_launch_script.tcl
22:16:14 INFO  : XSCT server has started successfully.
22:16:15 INFO  : Successfully done setting XSCT server connection channel  
22:16:15 INFO  : Successfully done setting SDK workspace  
17:28:52 INFO  : Registering command handlers for SDK TCF services
17:28:54 INFO  : Launching XSCT server: xsct -n -interactive /home/chellovb/Documents/GitHub/sensorMod_ptlnx/temp_xsdb_launch_script.tcl
17:28:59 INFO  : XSCT server has started successfully.
17:28:59 INFO  : Successfully done setting XSCT server connection channel  
17:29:04 INFO  : Successfully done setting SDK workspace  
